<?xml version="1.0" encoding="UTF-8"?>
<!-- Generated by org.testng.reporters.JUnitReportReporter -->
<testsuite hostname="MAC-201192.local" failures="0" tests="5" name="com.tests.TestExample" time="17.270" errors="0" timestamp="2024-06-24T15:35:42 WIB" skipped="0">
  <testcase classname="com.tests.TestExample" name="testOne" time="3.070"/>
  <testcase classname="com.tests.TestExample" name="testThree" time="3.382"/>
  <testcase classname="com.tests.TestExample" name="testFive" time="4.333"/>
  <testcase classname="com.tests.TestExample" name="testFour" time="3.310"/>
  <testcase classname="com.tests.TestExample" name="testTwo" time="3.175"/>
</testsuite> <!-- com.tests.TestExample -->
